Determining if the pthread_create exist failed with the following output:
Change Dir: /home/rflab/robot_ws/build/CMakeFiles/CMakeTmp

Run Build Command:"/usr/bin/make" "cmTC_88771/fast"
/usr/bin/make -f CMakeFiles/cmTC_88771.dir/build.make CMakeFiles/cmTC_88771.dir/build
make[1]: Entering directory '/home/rflab/robot_ws/build/CMakeFiles/CMakeTmp'
Building C object CMakeFiles/cmTC_88771.dir/CheckSymbolExists.c.o
/usr/bin/cc     -o CMakeFiles/cmTC_88771.dir/CheckSymbolExists.c.o   -c /home/rflab/robot_ws/build/CMakeFiles/CMakeTmp/CheckSymbolExists.c
Linking C executable cmTC_88771
/usr/bin/cmake -E cmake_link_script CMakeFiles/cmTC_88771.dir/link.txt --verbose=1
/usr/bin/cc       CMakeFiles/cmTC_88771.dir/CheckSymbolExists.c.o  -o cmTC_88771 -rdynamic 
CMakeFiles/cmTC_88771.dir/CheckSymbolExists.c.o: In function `main':
CheckSymbolExists.c:(.text+0x16): undefined reference to `pthread_create'
collect2: error: ld returned 1 exit status
CMakeFiles/cmTC_88771.dir/build.make:97: recipe for target 'cmTC_88771' failed
make[1]: *** [cmTC_88771] Error 1
make[1]: Leaving directory '/home/rflab/robot_ws/build/CMakeFiles/CMakeTmp'
Makefile:126: recipe for target 'cmTC_88771/fast' failed
make: *** [cmTC_88771/fast] Error 2

File /home/rflab/robot_ws/build/CMakeFiles/CMakeTmp/CheckSymbolExists.c:
/* */
#include <pthread.h>

int main(int argc, char** argv)
{
  (void)argv;
#ifndef pthread_create
  return ((int*)(&pthread_create))[argc];
#else
  (void)argc;
  return 0;
#endif
}

Determining if the function pthread_create exists in the pthreads failed with the following output:
Change Dir: /home/rflab/robot_ws/build/CMakeFiles/CMakeTmp

Run Build Command:"/usr/bin/make" "cmTC_903aa/fast"
/usr/bin/make -f CMakeFiles/cmTC_903aa.dir/build.make CMakeFiles/cmTC_903aa.dir/build
make[1]: Entering directory '/home/rflab/robot_ws/build/CMakeFiles/CMakeTmp'
Building C object CMakeFiles/cmTC_903aa.dir/CheckFunctionExists.c.o
/usr/bin/cc    -DCHECK_FUNCTION_EXISTS=pthread_create   -o CMakeFiles/cmTC_903aa.dir/CheckFunctionExists.c.o   -c /usr/share/cmake-3.5/Modules/CheckFunctionExists.c
Linking C executable cmTC_903aa
/usr/bin/cmake -E cmake_link_script CMakeFiles/cmTC_903aa.dir/link.txt --verbose=1
/usr/bin/cc   -DCHECK_FUNCTION_EXISTS=pthread_create    CMakeFiles/cmTC_903aa.dir/CheckFunctionExists.c.o  -o cmTC_903aa -rdynamic -lpthreads 
/usr/bin/ld: cannot find -lpthreads
collect2: error: ld returned 1 exit status
CMakeFiles/cmTC_903aa.dir/build.make:97: recipe for target 'cmTC_903aa' failed
make[1]: *** [cmTC_903aa] Error 1
make[1]: Leaving directory '/home/rflab/robot_ws/build/CMakeFiles/CMakeTmp'
Makefile:126: recipe for target 'cmTC_903aa/fast' failed
make: *** [cmTC_903aa/fast] Error 2


